[I 2025-01-22 12:45:48.092 ServerApp] jupyter_lsp | extension was successfully linked.
[I 2025-01-22 12:45:48.094 ServerApp] jupyter_server_terminals | extension was successfully linked.
[I 2025-01-22 12:45:48.097 ServerApp] jupyterlab | extension was successfully linked.
[I 2025-01-22 12:45:48.100 ServerApp] notebook | extension was successfully linked.
[I 2025-01-22 12:45:48.206 ServerApp] notebook_shim | extension was successfully linked.
[I 2025-01-22 12:45:48.221 ServerApp] notebook_shim | extension was successfully loaded.
[I 2025-01-22 12:45:48.222 ServerApp] jupyter_lsp | extension was successfully loaded.
[I 2025-01-22 12:45:48.223 ServerApp] jupyter_server_terminals | extension was successfully loaded.
[I 2025-01-22 12:45:48.227 LabApp] JupyterLab extension loaded from /home/romualdo/projects/falla_electrica_api/venv/lib/python3.12/site-packages/jupyterlab
[I 2025-01-22 12:45:48.227 LabApp] JupyterLab application directory is /home/romualdo/projects/falla_electrica_api/venv/share/jupyter/lab
[I 2025-01-22 12:45:48.227 LabApp] Extension Manager is 'pypi'.
[I 2025-01-22 12:45:48.305 ServerApp] jupyterlab | extension was successfully loaded.
[I 2025-01-22 12:45:48.307 ServerApp] notebook | extension was successfully loaded.
[I 2025-01-22 12:45:48.307 ServerApp] Serving notebooks from local directory: /home/romualdo/projects/falla_electrica_api/fallas_electricas_enel
[I 2025-01-22 12:45:48.307 ServerApp] Jupyter Server 2.15.0 is running at:
[I 2025-01-22 12:45:48.307 ServerApp] http://localhost:8888/tree?token=82b0653d422a8c0103e5a1346cb5fe3e9ef6c051261d331d
[I 2025-01-22 12:45:48.307 ServerApp]     http://127.0.0.1:8888/tree?token=82b0653d422a8c0103e5a1346cb5fe3e9ef6c051261d331d
[I 2025-01-22 12:45:48.307 ServerApp] Use Control-C to stop this server and shut down all kernels (twice to skip confirmation).
[C 2025-01-22 12:45:48.324 ServerApp] 
    
    To access the server, open this file in a browser:
        file:///home/romualdo/.local/share/jupyter/runtime/jpserver-6663-open.html
    Or copy and paste one of these URLs:
        http://localhost:8888/tree?token=82b0653d422a8c0103e5a1346cb5fe3e9ef6c051261d331d
        http://127.0.0.1:8888/tree?token=82b0653d422a8c0103e5a1346cb5fe3e9ef6c051261d331d
[I 2025-01-22 12:45:48.421 ServerApp] Skipped non-installed server(s): bash-language-server, dockerfile-language-server-nodejs, javascript-typescript-langserver, jedi-language-server, julia-language-server, pyright, python-language-server, python-lsp-server, r-languageserver, sql-language-server, texlab, typescript-language-server, unified-language-server, vscode-css-languageserver-bin, vscode-html-languageserver-bin, vscode-json-languageserver-bin, yaml-language-server
[I 2025-01-22 12:45:58.905 ServerApp] Creating new notebook in 
[I 2025-01-22 12:45:59.057 ServerApp] Saving file at /Untitled2.ipynb
[I 2025-01-22 12:45:59.095 ServerApp] Kernel started: 62e5a7df-f8ff-452c-bced-d7cc6eb06686
[I 2025-01-22 12:45:59.521 ServerApp] Connecting to kernel 62e5a7df-f8ff-452c-bced-d7cc6eb06686.
[I 2025-01-22 12:45:59.534 ServerApp] Connecting to kernel 62e5a7df-f8ff-452c-bced-d7cc6eb06686.
[I 2025-01-22 12:45:59.558 ServerApp] Connecting to kernel 62e5a7df-f8ff-452c-bced-d7cc6eb06686.
[I 2025-01-22 12:45:59.850 ServerApp] Connecting to kernel 62e5a7df-f8ff-452c-bced-d7cc6eb06686.
[I 2025-01-22 12:46:13.209 ServerApp] Connecting to kernel 62e5a7df-f8ff-452c-bced-d7cc6eb06686.
[I 2025-01-22 12:46:13.573 ServerApp] Kernel started: 3315ef78-95e5-41d9-ae51-8138d833fb84
[I 2025-01-22 12:46:13.964 ServerApp] Connecting to kernel 3315ef78-95e5-41d9-ae51-8138d833fb84.
[I 2025-01-22 12:46:21.900 ServerApp] Starting buffering for 3315ef78-95e5-41d9-ae51-8138d833fb84:7fc1f5b1-7093-4783-abd7-7c5eb5f18f5e
[W 2025-01-22 12:46:26.864 ServerApp] Notebook Untitled.ipynb is not trusted
[I 2025-01-22 12:46:27.130 ServerApp] Connecting to kernel 62e5a7df-f8ff-452c-bced-d7cc6eb06686.
[I 2025-01-22 12:46:27.152 ServerApp] Connecting to kernel 3315ef78-95e5-41d9-ae51-8138d833fb84.
[W 2025-01-22 12:46:27.242 ServerApp] Notebook Untitled.ipynb is not trusted
[I 2025-01-22 12:46:27.344 ServerApp] Starting buffering for 3315ef78-95e5-41d9-ae51-8138d833fb84:d5f0aae9-a201-4792-a8bc-ee539219d5a0
[I 2025-01-22 12:46:27.541 ServerApp] Kernel started: 18548ab6-8921-4e66-8e66-5aa7308908cd
[I 2025-01-22 12:46:27.908 ServerApp] Connecting to kernel 18548ab6-8921-4e66-8e66-5aa7308908cd.
[I 2025-01-22 12:46:27.921 ServerApp] Connecting to kernel 18548ab6-8921-4e66-8e66-5aa7308908cd.
[I 2025-01-22 12:46:27.935 ServerApp] Connecting to kernel 18548ab6-8921-4e66-8e66-5aa7308908cd.
[I 2025-01-22 12:46:34.249 ServerApp] Connecting to kernel 18548ab6-8921-4e66-8e66-5aa7308908cd.
[I 2025-01-22 12:48:09.362 ServerApp] Saving file at /main.ipynb
[I 2025-01-22 12:50:09.402 ServerApp] Saving file at /main.ipynb
[I 2025-01-22 12:50:35.430 ServerApp] Starting buffering for 62e5a7df-f8ff-452c-bced-d7cc6eb06686:1df88905-f6b4-4cad-9e96-0f016790ea16
[I 2025-01-22 12:50:35.431 ServerApp] Starting buffering for 18548ab6-8921-4e66-8e66-5aa7308908cd:4ced435f-8feb-4eff-b543-c7afd18b89c4
[I 2025-01-22 12:50:35.438 ServerApp] Connecting to kernel 62e5a7df-f8ff-452c-bced-d7cc6eb06686.
[I 2025-01-22 12:50:35.452 ServerApp] Connecting to kernel 62e5a7df-f8ff-452c-bced-d7cc6eb06686.
[I 2025-01-22 12:50:35.464 ServerApp] Connecting to kernel 18548ab6-8921-4e66-8e66-5aa7308908cd.
[I 2025-01-22 12:50:35.465 ServerApp] Restoring connection for 18548ab6-8921-4e66-8e66-5aa7308908cd:4ced435f-8feb-4eff-b543-c7afd18b89c4
[I 2025-01-22 14:09:25.001 ServerApp] Starting buffering for 18548ab6-8921-4e66-8e66-5aa7308908cd:4ced435f-8feb-4eff-b543-c7afd18b89c4
[I 2025-01-22 14:09:25.017 ServerApp] Connecting to kernel 18548ab6-8921-4e66-8e66-5aa7308908cd.
[I 2025-01-22 14:09:25.080 ServerApp] Starting buffering for 18548ab6-8921-4e66-8e66-5aa7308908cd:864d9e33-7cc4-4a58-9139-100c5dfc1498
[I 2025-01-22 14:09:25.460 ServerApp] Starting buffering for 62e5a7df-f8ff-452c-bced-d7cc6eb06686:1df88905-f6b4-4cad-9e96-0f016790ea16
